BLASTN 2.11.0+


Reference: Zheng Zhang, Scott Schwartz, Lukas Wagner, and Webb
Miller (2000), "A greedy algorithm for aligning DNA sequences", J
Comput Biol 2000; 7(1-2):203-14.



Database: Refseq viruses representative genomes
           13,450 sequences; 403,910,792 total letters



Query= MT926411.1_fragment_1734

Length=200


***** No hits found *****



Lambda      K        H
    1.33    0.621     1.12 

Gapped
Lambda      K        H
    1.28    0.460    0.850 

Effective search space used: 70219630008


  Database: Refseq viruses representative genomes
    Posted date:  Mar 6, 2021  10:11 AM
  Number of letters in database: 403,910,792
  Number of sequences in database:  13,450



Matrix: blastn matrix 1 -2
Gap Penalties: Existence: 0, Extension: 2.5
