BLASTN 2.11.0+


Reference: Zheng Zhang, Scott Schwartz, Lukas Wagner, and Webb
Miller (2000), "A greedy algorithm for aligning DNA sequences", J
Comput Biol 2000; 7(1-2):203-14.



Database: Refseq viruses representative genomes
           13,450 sequences; 403,910,792 total letters



Query= MT926411.1_fragment_1453

Length=200
                                                                      Score     E
Sequences producing significant alignments:                          (Bits)  Value

NC_045512.2 Severe acute respiratory syndrome coronavirus 2 isola...  60.2    5e-08


>NC_045512.2 Severe acute respiratory syndrome coronavirus 2 isolate Wuhan-Hu-1, 
complete genome
Length=29903

 Score = 60.2 bits (32),  Expect = 5e-08
 Identities = 32/32 (100%), Gaps = 0/32 (0%)
 Strand=Plus/Plus

Query  169    GAATGATTGAACTTTCATTAATTGACTTCTAT  200
              ||||||||||||||||||||||||||||||||
Sbjct  27754  GAATGATTGAACTTTCATTAATTGACTTCTAT  27785



Lambda      K        H
    1.33    0.621     1.12 

Gapped
Lambda      K        H
    1.28    0.460    0.850 

Effective search space used: 70219630008


  Database: Refseq viruses representative genomes
    Posted date:  Mar 6, 2021  10:11 AM
  Number of letters in database: 403,910,792
  Number of sequences in database:  13,450



Matrix: blastn matrix 1 -2
Gap Penalties: Existence: 0, Extension: 2.5
